<?xml version="1.0" encoding="UTF-8"?>
<coverage generated="1537927261986" clover="3.2.0">
  <project timestamp="1537927261986" name="All files">
    <metrics statements="86" coveredstatements="73" conditionals="22" coveredconditionals="16" methods="11" coveredmethods="9" elements="119" coveredelements="98" complexity="0" loc="86" ncloc="86" packages="4" files="4" classes="4">
      <package name="serverless-express-lambda">
        <metrics statements="28" coveredstatements="27" conditionals="2" coveredconditionals="1" methods="0" coveredmethods="0"/>
        <file name="app.js" path="/Users/sumeshsuvarna/Documents/personal/workspace/gssumesh/serverless-express-lambda/app.js">
          <metrics statements="28" coveredstatements="27" conditionals="2" coveredconditionals="1" methods="0" coveredmethods="0"/>
          <line num="2" count="1" type="stmt"/>
          <line num="3" count="1" type="stmt"/>
          <line num="4" count="1" type="stmt"/>
          <line num="5" count="1" type="stmt"/>
          <line num="6" count="1" type="stmt"/>
          <line num="7" count="1" type="stmt"/>
          <line num="8" count="1" type="stmt"/>
          <line num="9" count="1" type="stmt"/>
          <line num="11" count="1" type="stmt"/>
          <line num="13" count="1" type="stmt"/>
          <line num="14" count="1" type="stmt"/>
          <line num="16" count="1" type="stmt"/>
          <line num="18" count="1" type="cond" truecount="1" falsecount="1"/>
          <line num="21" count="0" type="stmt"/>
          <line num="23" count="1" type="stmt"/>
          <line num="25" count="1" type="stmt"/>
          <line num="26" count="1" type="stmt"/>
          <line num="27" count="1" type="stmt"/>
          <line num="28" count="1" type="stmt"/>
          <line num="30" count="1" type="stmt"/>
          <line num="31" count="1" type="stmt"/>
          <line num="32" count="1" type="stmt"/>
          <line num="33" count="1" type="stmt"/>
          <line num="35" count="1" type="stmt"/>
          <line num="37" count="1" type="stmt"/>
          <line num="39" count="1" type="stmt"/>
          <line num="40" count="1" type="stmt"/>
          <line num="42" count="1" type="stmt"/>
        </file>
      </package>
      <package name="serverless-express-lambda.src.constants">
        <metrics statements="2" coveredstatements="2" conditionals="0" coveredconditionals="0" methods="0" coveredmethods="0"/>
        <file name="errors.js" path="/Users/sumeshsuvarna/Documents/personal/workspace/gssumesh/serverless-express-lambda/src/constants/errors.js">
          <metrics statements="2" coveredstatements="2" conditionals="0" coveredconditionals="0" methods="0" coveredmethods="0"/>
          <line num="1" count="2" type="stmt"/>
          <line num="22" count="2" type="stmt"/>
        </file>
      </package>
      <package name="serverless-express-lambda.src.controllers.v1">
        <metrics statements="27" coveredstatements="15" conditionals="10" coveredconditionals="5" methods="5" coveredmethods="3"/>
        <file name="giftControllers.js" path="/Users/sumeshsuvarna/Documents/personal/workspace/gssumesh/serverless-express-lambda/src/controllers/v1/giftControllers.js">
          <metrics statements="27" coveredstatements="15" conditionals="10" coveredconditionals="5" methods="5" coveredmethods="3"/>
          <line num="1" count="1" type="stmt"/>
          <line num="2" count="1" type="stmt"/>
          <line num="4" count="1" type="stmt"/>
          <line num="12" count="1" type="stmt"/>
          <line num="13" count="0" type="stmt"/>
          <line num="14" count="0" type="stmt"/>
          <line num="15" count="0" type="stmt"/>
          <line num="16" count="0" type="stmt"/>
          <line num="17" count="0" type="stmt"/>
          <line num="18" count="0" type="stmt"/>
          <line num="19" count="0" type="stmt"/>
          <line num="20" count="0" type="stmt"/>
          <line num="21" count="0" type="stmt"/>
          <line num="22" count="0" type="stmt"/>
          <line num="25" count="1" type="stmt"/>
          <line num="26" count="0" type="cond" truecount="0" falsecount="2"/>
          <line num="27" count="0" type="stmt"/>
          <line num="41" count="1" type="stmt"/>
          <line num="42" count="1" type="stmt"/>
          <line num="43" count="1" type="cond" truecount="1" falsecount="1"/>
          <line num="44" count="1" type="cond" truecount="3" falsecount="1"/>
          <line num="46" count="2" type="stmt"/>
          <line num="60" count="1" type="stmt"/>
          <line num="61" count="1" type="stmt"/>
          <line num="62" count="1" type="cond" truecount="1" falsecount="1"/>
          <line num="63" count="1" type="stmt"/>
          <line num="66" count="1" type="stmt"/>
        </file>
      </package>
      <package name="serverless-express-lambda.src.controllers.v2">
        <metrics statements="29" coveredstatements="29" conditionals="10" coveredconditionals="10" methods="6" coveredmethods="6"/>
        <file name="giftControllers.js" path="/Users/sumeshsuvarna/Documents/personal/workspace/gssumesh/serverless-express-lambda/src/controllers/v2/giftControllers.js">
          <metrics statements="29" coveredstatements="29" conditionals="10" coveredconditionals="10" methods="6" coveredmethods="6"/>
          <line num="1" count="1" type="stmt"/>
          <line num="2" count="1" type="stmt"/>
          <line num="3" count="1" type="stmt"/>
          <line num="5" count="1" type="stmt"/>
          <line num="6" count="3" type="stmt"/>
          <line num="7" count="3" type="stmt"/>
          <line num="8" count="3" type="stmt"/>
          <line num="9" count="3" type="stmt"/>
          <line num="10" count="3" type="stmt"/>
          <line num="11" count="3" type="stmt"/>
          <line num="12" count="3" type="stmt"/>
          <line num="13" count="3" type="stmt"/>
          <line num="14" count="3" type="stmt"/>
          <line num="15" count="3" type="stmt"/>
          <line num="18" count="1" type="stmt"/>
          <line num="19" count="3" type="cond" truecount="2" falsecount="0"/>
          <line num="20" count="3" type="stmt"/>
          <line num="35" count="1" type="stmt"/>
          <line num="36" count="4" type="stmt"/>
          <line num="37" count="4" type="cond" truecount="2" falsecount="0"/>
          <line num="38" count="4" type="cond" truecount="4" falsecount="0"/>
          <line num="40" count="2" type="stmt"/>
          <line num="42" count="2" type="stmt"/>
          <line num="56" count="1" type="stmt"/>
          <line num="57" count="3" type="stmt"/>
          <line num="58" count="3" type="cond" truecount="2" falsecount="0"/>
          <line num="60" count="2" type="stmt"/>
          <line num="62" count="2" type="stmt"/>
          <line num="65" count="1" type="stmt"/>
        </file>
      </package>
    </metrics>
  </project>
</coverage>
