{"/Users/sumeshsuvarna/Documents/personal/workspace/gssumesh/serverless-express-lambda/app.js": {"path":"/Users/sumeshsuvarna/Documents/personal/workspace/gssumesh/serverless-express-lambda/app.js","statementMap":{"0":{"start":{"line":2,"column":13},"end":{"line":2,"column":28}},"1":{"start":{"line":3,"column":16},"end":{"line":3,"column":34}},"2":{"start":{"line":4,"column":19},"end":{"line":4,"column":41}},"3":{"start":{"line":5,"column":13},"end":{"line":5,"column":28}},"4":{"start":{"line":6,"column":20},"end":{"line":6,"column":42}},"5":{"start":{"line":7,"column":23},"end":{"line":7,"column":66}},"6":{"start":{"line":8,"column":25},"end":{"line":8,"column":72}},"7":{"start":{"line":9,"column":25},"end":{"line":9,"column":72}},"8":{"start":{"line":11,"column":12},"end":{"line":11,"column":21}},"9":{"start":{"line":13,"column":9},"end":{"line":13,"column":25}},"10":{"start":{"line":14,"column":9},"end":{"line":14,"column":25}},"11":{"start":{"line":16,"column":15},"end":{"line":16,"column":31}},"12":{"start":{"line":18,"column":0},"end":{"line":22,"column":1}},"13":{"start":{"line":21,"column":2},"end":{"line":21,"column":27}},"14":{"start":{"line":23,"column":0},"end":{"line":23,"column":47}},"15":{"start":{"line":25,"column":0},"end":{"line":25,"column":23}},"16":{"start":{"line":26,"column":0},"end":{"line":26,"column":14}},"17":{"start":{"line":27,"column":0},"end":{"line":27,"column":25}},"18":{"start":{"line":28,"column":0},"end":{"line":28,"column":49}},"19":{"start":{"line":30,"column":0},"end":{"line":30,"column":23}},"20":{"start":{"line":31,"column":0},"end":{"line":31,"column":14}},"21":{"start":{"line":32,"column":0},"end":{"line":32,"column":25}},"22":{"start":{"line":33,"column":0},"end":{"line":33,"column":49}},"23":{"start":{"line":35,"column":0},"end":{"line":35,"column":44}},"24":{"start":{"line":37,"column":0},"end":{"line":37,"column":43}},"25":{"start":{"line":39,"column":0},"end":{"line":39,"column":19}},"26":{"start":{"line":40,"column":0},"end":{"line":40,"column":19}},"27":{"start":{"line":42,"column":0},"end":{"line":42,"column":20}}},"fnMap":{},"branchMap":{"0":{"loc":{"start":{"line":18,"column":0},"end":{"line":22,"column":1}},"type":"if","locations":[{"start":{"line":18,"column":0},"end":{"line":22,"column":1}},{"start":{"line":18,"column":0},"end":{"line":22,"column":1}}],"line":18}},"s":{"0":1,"1":1,"2":1,"3":1,"4":1,"5":1,"6":1,"7":1,"8":1,"9":1,"10":1,"11":1,"12":1,"13":0,"14":1,"15":1,"16":1,"17":1,"18":1,"19":1,"20":1,"21":1,"22":1,"23":1,"24":1,"25":1,"26":1,"27":1},"f":{},"b":{"0":[1,0]},"_coverageSchema":"332fd63041d2c1bcb487cc26dd0d5f7d97098a6c","hash":"6568f706312d074306e52ec1282f083a22d47d95"}
,"/Users/sumeshsuvarna/Documents/personal/workspace/gssumesh/serverless-express-lambda/src/constants/errors.js": {"path":"/Users/sumeshsuvarna/Documents/personal/workspace/gssumesh/serverless-express-lambda/src/constants/errors.js","statementMap":{"0":{"start":{"line":1,"column":17},"end":{"line":20,"column":1}},"1":{"start":{"line":22,"column":0},"end":{"line":22,"column":26}}},"fnMap":{},"branchMap":{},"s":{"0":2,"1":2},"f":{},"b":{},"_coverageSchema":"332fd63041d2c1bcb487cc26dd0d5f7d97098a6c","hash":"a1f34c62a79a5057a18d3520ea7d8f70d5492724"}
,"/Users/sumeshsuvarna/Documents/personal/workspace/gssumesh/serverless-express-lambda/src/controllers/v1/giftControllers.js": {"path":"/Users/sumeshsuvarna/Documents/personal/workspace/gssumesh/serverless-express-lambda/src/controllers/v1/giftControllers.js","statementMap":{"0":{"start":{"line":1,"column":10},"end":{"line":1,"column":27}},"1":{"start":{"line":2,"column":17},"end":{"line":2,"column":50}},"2":{"start":{"line":4,"column":14},"end":{"line":10,"column":1}},"3":{"start":{"line":12,"column":12},"end":{"line":23,"column":1}},"4":{"start":{"line":13,"column":4},"end":{"line":13,"column":25}},"5":{"start":{"line":14,"column":4},"end":{"line":14,"column":19}},"6":{"start":{"line":15,"column":4},"end":{"line":15,"column":32}},"7":{"start":{"line":16,"column":4},"end":{"line":16,"column":35}},"8":{"start":{"line":17,"column":4},"end":{"line":17,"column":34}},"9":{"start":{"line":18,"column":4},"end":{"line":18,"column":37}},"10":{"start":{"line":19,"column":4},"end":{"line":19,"column":33}},"11":{"start":{"line":20,"column":4},"end":{"line":20,"column":36}},"12":{"start":{"line":21,"column":4},"end":{"line":21,"column":34}},"13":{"start":{"line":22,"column":4},"end":{"line":22,"column":50}},"14":{"start":{"line":25,"column":24},"end":{"line":28,"column":1}},"15":{"start":{"line":26,"column":4},"end":{"line":26,"column":44}},"16":{"start":{"line":27,"column":4},"end":{"line":27,"column":50}},"17":{"start":{"line":41,"column":20},"end":{"line":47,"column":1}},"18":{"start":{"line":42,"column":18},"end":{"line":42,"column":50}},"19":{"start":{"line":43,"column":23},"end":{"line":43,"column":48}},"20":{"start":{"line":44,"column":4},"end":{"line":44,"column":88}},"21":{"start":{"line":44,"column":27},"end":{"line":44,"column":88}},"22":{"start":{"line":46,"column":4},"end":{"line":46,"column":56}},"23":{"start":{"line":46,"column":35},"end":{"line":46,"column":53}},"24":{"start":{"line":60,"column":17},"end":{"line":64,"column":1}},"25":{"start":{"line":61,"column":18},"end":{"line":61,"column":50}},"26":{"start":{"line":62,"column":4},"end":{"line":62,"column":77}},"27":{"start":{"line":62,"column":16},"end":{"line":62,"column":77}},"28":{"start":{"line":63,"column":4},"end":{"line":63,"column":20}},"29":{"start":{"line":66,"column":0},"end":{"line":69,"column":2}}},"fnMap":{"0":{"name":"(anonymous_0)","decl":{"start":{"line":12,"column":12},"end":{"line":12,"column":13}},"loc":{"start":{"line":12,"column":33},"end":{"line":23,"column":1}},"line":12},"1":{"name":"(anonymous_1)","decl":{"start":{"line":25,"column":24},"end":{"line":25,"column":25}},"loc":{"start":{"line":25,"column":46},"end":{"line":28,"column":1}},"line":25},"2":{"name":"(anonymous_2)","decl":{"start":{"line":41,"column":20},"end":{"line":41,"column":21}},"loc":{"start":{"line":41,"column":34},"end":{"line":47,"column":1}},"line":41},"3":{"name":"(anonymous_3)","decl":{"start":{"line":46,"column":27},"end":{"line":46,"column":28}},"loc":{"start":{"line":46,"column":35},"end":{"line":46,"column":53}},"line":46},"4":{"name":"(anonymous_4)","decl":{"start":{"line":60,"column":17},"end":{"line":60,"column":18}},"loc":{"start":{"line":60,"column":31},"end":{"line":64,"column":1}},"line":60}},"branchMap":{"0":{"loc":{"start":{"line":26,"column":8},"end":{"line":26,"column":24}},"type":"binary-expr","locations":[{"start":{"line":26,"column":8},"end":{"line":26,"column":9}},{"start":{"line":26,"column":13},"end":{"line":26,"column":24}}],"line":26},"1":{"loc":{"start":{"line":43,"column":23},"end":{"line":43,"column":48}},"type":"binary-expr","locations":[{"start":{"line":43,"column":23},"end":{"line":43,"column":42}},{"start":{"line":43,"column":46},"end":{"line":43,"column":48}}],"line":43},"2":{"loc":{"start":{"line":44,"column":4},"end":{"line":44,"column":88}},"type":"if","locations":[{"start":{"line":44,"column":4},"end":{"line":44,"column":88}},{"start":{"line":44,"column":4},"end":{"line":44,"column":88}}],"line":44},"3":{"loc":{"start":{"line":44,"column":8},"end":{"line":44,"column":25}},"type":"binary-expr","locations":[{"start":{"line":44,"column":8},"end":{"line":44,"column":14}},{"start":{"line":44,"column":18},"end":{"line":44,"column":25}}],"line":44},"4":{"loc":{"start":{"line":62,"column":4},"end":{"line":62,"column":77}},"type":"if","locations":[{"start":{"line":62,"column":4},"end":{"line":62,"column":77}},{"start":{"line":62,"column":4},"end":{"line":62,"column":77}}],"line":62}},"s":{"0":1,"1":1,"2":1,"3":1,"4":0,"5":0,"6":0,"7":0,"8":0,"9":0,"10":0,"11":0,"12":0,"13":0,"14":1,"15":0,"16":0,"17":1,"18":1,"19":1,"20":1,"21":0,"22":1,"23":2,"24":1,"25":1,"26":1,"27":0,"28":1,"29":1},"f":{"0":0,"1":0,"2":1,"3":2,"4":1},"b":{"0":[0,0],"1":[1,0],"2":[0,1],"3":[1,1],"4":[0,1]},"_coverageSchema":"332fd63041d2c1bcb487cc26dd0d5f7d97098a6c","hash":"9ae02c2469259890655cff081ea40759b69c4467"}
,"/Users/sumeshsuvarna/Documents/personal/workspace/gssumesh/serverless-express-lambda/src/controllers/v2/giftControllers.js": {"path":"/Users/sumeshsuvarna/Documents/personal/workspace/gssumesh/serverless-express-lambda/src/controllers/v2/giftControllers.js","statementMap":{"0":{"start":{"line":1,"column":10},"end":{"line":1,"column":27}},"1":{"start":{"line":2,"column":17},"end":{"line":2,"column":50}},"2":{"start":{"line":3,"column":20},"end":{"line":3,"column":57}},"3":{"start":{"line":5,"column":13},"end":{"line":16,"column":1}},"4":{"start":{"line":6,"column":4},"end":{"line":6,"column":25}},"5":{"start":{"line":7,"column":4},"end":{"line":7,"column":19}},"6":{"start":{"line":8,"column":4},"end":{"line":8,"column":32}},"7":{"start":{"line":9,"column":4},"end":{"line":9,"column":35}},"8":{"start":{"line":10,"column":4},"end":{"line":10,"column":34}},"9":{"start":{"line":11,"column":4},"end":{"line":11,"column":37}},"10":{"start":{"line":12,"column":4},"end":{"line":12,"column":33}},"11":{"start":{"line":13,"column":4},"end":{"line":13,"column":36}},"12":{"start":{"line":14,"column":4},"end":{"line":14,"column":34}},"13":{"start":{"line":15,"column":4},"end":{"line":15,"column":50}},"14":{"start":{"line":18,"column":24},"end":{"line":21,"column":1}},"15":{"start":{"line":19,"column":4},"end":{"line":19,"column":45}},"16":{"start":{"line":20,"column":4},"end":{"line":20,"column":50}},"17":{"start":{"line":35,"column":20},"end":{"line":43,"column":1}},"18":{"start":{"line":36,"column":18},"end":{"line":36,"column":50}},"19":{"start":{"line":37,"column":23},"end":{"line":37,"column":48}},"20":{"start":{"line":38,"column":4},"end":{"line":38,"column":88}},"21":{"start":{"line":38,"column":27},"end":{"line":38,"column":88}},"22":{"start":{"line":40,"column":4},"end":{"line":42,"column":38}},"23":{"start":{"line":42,"column":22},"end":{"line":42,"column":36}},"24":{"start":{"line":56,"column":17},"end":{"line":63,"column":1}},"25":{"start":{"line":57,"column":18},"end":{"line":57,"column":50}},"26":{"start":{"line":58,"column":4},"end":{"line":58,"column":77}},"27":{"start":{"line":58,"column":16},"end":{"line":58,"column":77}},"28":{"start":{"line":60,"column":4},"end":{"line":62,"column":40}},"29":{"start":{"line":62,"column":23},"end":{"line":62,"column":38}},"30":{"start":{"line":65,"column":0},"end":{"line":69,"column":2}}},"fnMap":{"0":{"name":"(anonymous_0)","decl":{"start":{"line":5,"column":13},"end":{"line":5,"column":14}},"loc":{"start":{"line":5,"column":34},"end":{"line":16,"column":1}},"line":5},"1":{"name":"(anonymous_1)","decl":{"start":{"line":18,"column":24},"end":{"line":18,"column":25}},"loc":{"start":{"line":18,"column":46},"end":{"line":21,"column":1}},"line":18},"2":{"name":"(anonymous_2)","decl":{"start":{"line":35,"column":20},"end":{"line":35,"column":21}},"loc":{"start":{"line":35,"column":34},"end":{"line":43,"column":1}},"line":35},"3":{"name":"(anonymous_3)","decl":{"start":{"line":42,"column":14},"end":{"line":42,"column":15}},"loc":{"start":{"line":42,"column":22},"end":{"line":42,"column":36}},"line":42},"4":{"name":"(anonymous_4)","decl":{"start":{"line":56,"column":17},"end":{"line":56,"column":18}},"loc":{"start":{"line":56,"column":31},"end":{"line":63,"column":1}},"line":56},"5":{"name":"(anonymous_5)","decl":{"start":{"line":62,"column":14},"end":{"line":62,"column":15}},"loc":{"start":{"line":62,"column":23},"end":{"line":62,"column":38}},"line":62}},"branchMap":{"0":{"loc":{"start":{"line":19,"column":9},"end":{"line":19,"column":25}},"type":"binary-expr","locations":[{"start":{"line":19,"column":9},"end":{"line":19,"column":10}},{"start":{"line":19,"column":14},"end":{"line":19,"column":25}}],"line":19},"1":{"loc":{"start":{"line":37,"column":23},"end":{"line":37,"column":48}},"type":"binary-expr","locations":[{"start":{"line":37,"column":23},"end":{"line":37,"column":42}},{"start":{"line":37,"column":46},"end":{"line":37,"column":48}}],"line":37},"2":{"loc":{"start":{"line":38,"column":4},"end":{"line":38,"column":88}},"type":"if","locations":[{"start":{"line":38,"column":4},"end":{"line":38,"column":88}},{"start":{"line":38,"column":4},"end":{"line":38,"column":88}}],"line":38},"3":{"loc":{"start":{"line":38,"column":8},"end":{"line":38,"column":25}},"type":"binary-expr","locations":[{"start":{"line":38,"column":8},"end":{"line":38,"column":14}},{"start":{"line":38,"column":18},"end":{"line":38,"column":25}}],"line":38},"4":{"loc":{"start":{"line":58,"column":4},"end":{"line":58,"column":77}},"type":"if","locations":[{"start":{"line":58,"column":4},"end":{"line":58,"column":77}},{"start":{"line":58,"column":4},"end":{"line":58,"column":77}}],"line":58}},"s":{"0":1,"1":1,"2":1,"3":1,"4":3,"5":3,"6":3,"7":3,"8":3,"9":3,"10":3,"11":3,"12":3,"13":3,"14":1,"15":3,"16":3,"17":1,"18":4,"19":4,"20":4,"21":2,"22":2,"23":2,"24":1,"25":3,"26":3,"27":1,"28":2,"29":2,"30":1},"f":{"0":3,"1":3,"2":4,"3":2,"4":3,"5":2},"b":{"0":[3,3],"1":[4,1],"2":[2,2],"3":[4,3],"4":[1,2]},"_coverageSchema":"332fd63041d2c1bcb487cc26dd0d5f7d97098a6c","hash":"97685d415249ea57f6238a728ac46f0a1fa9bd5d"}
}
