TN:
SF:/Users/sumeshsuvarna/Documents/personal/workspace/gssumesh/serverless-express-lambda/app.js
FNF:0
FNH:0
DA:2,1
DA:3,1
DA:4,1
DA:5,1
DA:6,1
DA:7,1
DA:8,1
DA:9,1
DA:11,1
DA:13,1
DA:14,1
DA:16,1
DA:18,1
DA:21,0
DA:23,1
DA:25,1
DA:26,1
DA:27,1
DA:28,1
DA:30,1
DA:31,1
DA:32,1
DA:33,1
DA:35,1
DA:37,1
DA:39,1
DA:40,1
DA:42,1
LF:28
LH:27
BRDA:18,0,0,1
BRDA:18,0,1,0
BRF:2
BRH:1
end_of_record
TN:
SF:/Users/sumeshsuvarna/Documents/personal/workspace/gssumesh/serverless-express-lambda/src/constants/errors.js
FNF:0
FNH:0
DA:1,2
DA:22,2
LF:2
LH:2
BRF:0
BRH:0
end_of_record
TN:
SF:/Users/sumeshsuvarna/Documents/personal/workspace/gssumesh/serverless-express-lambda/src/controllers/v1/giftControllers.js
FN:12,(anonymous_0)
FN:25,(anonymous_1)
FN:41,(anonymous_2)
FN:46,(anonymous_3)
FN:60,(anonymous_4)
FNF:5
FNH:3
FNDA:0,(anonymous_0)
FNDA:0,(anonymous_1)
FNDA:1,(anonymous_2)
FNDA:2,(anonymous_3)
FNDA:1,(anonymous_4)
DA:1,1
DA:2,1
DA:4,1
DA:12,1
DA:13,0
DA:14,0
DA:15,0
DA:16,0
DA:17,0
DA:18,0
DA:19,0
DA:20,0
DA:21,0
DA:22,0
DA:25,1
DA:26,0
DA:27,0
DA:41,1
DA:42,1
DA:43,1
DA:44,1
DA:46,2
DA:60,1
DA:61,1
DA:62,1
DA:63,1
DA:66,1
LF:27
LH:15
BRDA:26,0,0,0
BRDA:26,0,1,0
BRDA:43,1,0,1
BRDA:43,1,1,0
BRDA:44,2,0,0
BRDA:44,2,1,1
BRDA:44,3,0,1
BRDA:44,3,1,1
BRDA:62,4,0,0
BRDA:62,4,1,1
BRF:10
BRH:5
end_of_record
TN:
SF:/Users/sumeshsuvarna/Documents/personal/workspace/gssumesh/serverless-express-lambda/src/controllers/v2/giftControllers.js
FN:5,(anonymous_0)
FN:18,(anonymous_1)
FN:35,(anonymous_2)
FN:42,(anonymous_3)
FN:56,(anonymous_4)
FN:62,(anonymous_5)
FNF:6
FNH:6
FNDA:3,(anonymous_0)
FNDA:3,(anonymous_1)
FNDA:4,(anonymous_2)
FNDA:2,(anonymous_3)
FNDA:3,(anonymous_4)
FNDA:2,(anonymous_5)
DA:1,1
DA:2,1
DA:3,1
DA:5,1
DA:6,3
DA:7,3
DA:8,3
DA:9,3
DA:10,3
DA:11,3
DA:12,3
DA:13,3
DA:14,3
DA:15,3
DA:18,1
DA:19,3
DA:20,3
DA:35,1
DA:36,4
DA:37,4
DA:38,4
DA:40,2
DA:42,2
DA:56,1
DA:57,3
DA:58,3
DA:60,2
DA:62,2
DA:65,1
LF:29
LH:29
BRDA:19,0,0,3
BRDA:19,0,1,3
BRDA:37,1,0,4
BRDA:37,1,1,1
BRDA:38,2,0,2
BRDA:38,2,1,2
BRDA:38,3,0,4
BRDA:38,3,1,3
BRDA:58,4,0,1
BRDA:58,4,1,2
BRF:10
BRH:10
end_of_record
